# only nouns
2023-04-06 19:02:43,865 - INFO - Loading Tickets Dataset
2023-04-06 19:02:44,516 - INFO - Done!
2023-04-06 19:02:44,517 - INFO - Loading Models
2023-04-06 19:02:47,232 - INFO - Done!
2023-04-06 19:02:47,235 - INFO - Evaluating Models
2023-04-06 19:12:01,066 - INFO - Transformer Scores: [0.924573055028463, 0.9388045540796964, 0.9411485524442335, 0.9368770764119602, 0.9212149976269578, 0.9321309919316564, 0.9383009017560513, 0.9373516848599905, 0.9302325581395349, 0.9373516848599905]
2023-04-06 19:12:01,067 - INFO - Transformer 10-Fold Cross Validation: 0.9337986057138534
2023-04-06 19:24:20,367 - INFO - CNN Scores: [0.9037001897533207, 0.2424098671726755, 0.2553393450403417, 0.9207403891789274, 0.9140958709065021, 0.7588989084005695, 0.9102990033222591, 0.9254864736592311, 0.9084005695301376, 0.9093497864261983]
2023-04-06 19:24:20,372 - INFO - CNN 10-Fold Cross Validation: 0.7648720403390163
2023-04-06 20:10:22,973 - INFO - Bert Scores: [0.9236242884250474, 0.9264705882352942, 0.9420977693402942, 0.9159943046986236, 0.8932130991931656, 0.9326056003796868, 0.9121974371143806, 0.939250118652112, 0.9216896060749882, 0.9383009017560513]
2023-04-06 20:10:22,974 - INFO - Bert 10-Fold Cross Validation: 0.9245443713869644
# full sequence
2023-04-07 12:30:17,530 - INFO - Loading Tickets Dataset
2023-04-07 12:30:18,290 - INFO - Done!
2023-04-07 12:30:18,290 - INFO - Loading Models
2023-04-07 12:30:26,705 - INFO - Done!
2023-04-07 12:30:26,809 - INFO - Evaluating Models
2023-04-07 12:49:04,723 - INFO - Transformer Scores: [0.8595825426944972, 0.8496204933586338, 0.8780256288561936, 0.8675842429995254, 0.8704318936877077, 0.8728049359278596, 0.8808732795443759, 0.8661604176554343, 0.8737541528239202, 0.8704318936877077]
2023-04-07 12:49:04,723 - INFO - Transformer 10-Fold Cross Validation: 0.8689269481235856
2023-04-07 13:06:42,583 - INFO - Loading Tickets Dataset
2023-04-07 13:06:43,235 - INFO - Done!
2023-04-07 13:06:43,235 - INFO - Loading Models
2023-04-07 13:06:47,762 - INFO - Done!
2023-04-07 13:06:47,792 - INFO - Evaluating Models
2023-04-10 12:05:34,476 - INFO - Loading Tickets Dataset
2023-04-10 12:05:35,586 - INFO - Done!
2023-04-10 12:05:35,587 - INFO - Loading Models
2023-04-10 12:05:45,914 - INFO - Done!
2023-04-10 12:05:46,074 - INFO - Evaluating Models
