2023-04-05 15:49:49,322 - INFO - Loading Tickets Dataset
2023-04-05 15:49:49,971 - INFO - Done!
2023-04-05 15:49:49,972 - INFO - Loading Models
2023-04-05 15:49:52,406 - INFO - Done!
2023-04-05 15:49:52,408 - INFO - Evaluating Models
2023-04-05 15:54:47,850 - INFO - CNN Scores: [0.9525504151838672, 0.9418742586002372, 0.9561091340450771, 0.9466192170818505, 0.9478054567022538, 0.9442467378410438, 0.9584816132858838, 0.9418742586002372, 0.9608540925266904, 0.9513064133016627]
2023-04-05 15:54:47,851 - INFO - CNN 10-Fold Cross Validation: 0.9501721597168803
2023-04-05 16:13:15,615 - INFO - Bert Scores: [0.966785290628707, 0.9750889679715302, 0.9644128113879004, 0.9762752075919335, 0.9715302491103203, 0.9644128113879004, 0.9750889679715302, 0.9786476868327402, 0.9644128113879004, 0.9750593824228029]
2023-04-05 16:13:15,620 - INFO - Bert 10-Fold Cross Validation: 0.9711714186693265
2023-04-06 18:50:16,955 - INFO - Loading Tickets Dataset
2023-04-06 18:50:18,007 - INFO - Done!
2023-04-06 18:50:18,007 - INFO - Loading Models
2023-04-06 18:50:27,445 - INFO - Done!
2023-04-06 18:50:27,585 - INFO - Evaluating Models
2023-04-06 18:50:47,534 - INFO - Loading Tickets Dataset
2023-04-06 18:50:48,267 - INFO - Done!
2023-04-06 18:50:48,267 - INFO - Loading Models
2023-04-06 18:50:49,340 - INFO - Done!
2023-04-06 18:50:49,341 - INFO - Evaluating Models
2023-04-06 18:54:38,396 - INFO - Transformer Scores: [0.9584816132858838, 0.9430604982206405, 0.9513641755634639, 0.9561091340450771, 0.9501779359430605, 0.9561091340450771, 0.9561091340450771, 0.9442467378410438, 0.9430604982206405, 0.9596199524940617]
2023-04-06 18:54:38,396 - INFO - Transformer 10-Fold Cross Validation: 0.9518338813704027
2023-04-06 18:57:05,009 - INFO - Loading Tickets Dataset
2023-04-06 18:57:05,740 - INFO - Done!
2023-04-06 18:57:05,740 - INFO - Loading Models
2023-04-06 18:57:06,707 - INFO - Done!
2023-04-06 18:57:06,711 - INFO - Evaluating Models
